<?xml version="1.0" encoding="UTF-8"?>
<testsuite xmlns:xsi="http://www.w3.org/2001/XMLSchema-instance" xsi:noNamespaceSchemaLocation="https://maven.apache.org/surefire/maven-surefire-plugin/xsd/surefire-test-report-3.0.xsd" version="3.0" name="TestSuite" time="44.185" tests="2" errors="0" skipped="0" failures="2">
  <properties>
[...]
</properties>
  <testcase name="GrantingFlow[miranga, miranga, 123@, NIC/EIC, 881441333V, , Gold Loan, Necklace, With Stones Pendant, 12.2, 12.2, 22, 22, Automation Article Remark 01, 135000.0, Density meter, LENDING TO OVERSEAS ENTITIES, LENDING BY OVERSEAS BRANCHES, 0.0, 0.0, Automation Granting Remark 01](1)" classname="TransactionTest.GrantingFlowTest" time="20.925">
    <failure message="Expected condition failed: waiting for visibility of element located by By.xpath: //div[contains(text(),&apos;miranga&apos;)] (tried for 10 second(s) with 500 milliseconds interval)&#10;Build info: version: &apos;4.21.0&apos;, revision: &apos;79ed462ef4&apos;&#10;System info: os.name: &apos;Mac OS X&apos;, os.arch: &apos;aarch64&apos;, os.version: &apos;15.5&apos;, java.version: &apos;17.0.7&apos;&#10;Driver info: org.openqa.selenium.chrome.ChromeDriver&#10;Capabilities {acceptInsecureCerts: false, browserName: chrome, browserVersion: 141.0.7390.108, chrome: {chromedriverVersion: 141.0.7390.78 (2b53b0e231fc..., userDataDir: /var/folders/r2/fljgwy_n1kz...}, fedcm:accounts: true, goog:chromeOptions: {debuggerAddress: localhost:64227}, networkConnectionEnabled: false, pageLoadStrategy: normal, platformName: mac, proxy: Proxy(), se:cdp: ws://localhost:64227/devtoo..., se:cdpVersion: 141.0.7390.108, setWindowRect: true, strictFileInteractability: false, timeouts: {implicit: 0, pageLoad: 300000, script: 30000}, unhandledPromptBehavior: dismiss and notify, webauthn:extension:credBlob: true, webauthn:extension:largeBlob: true, webauthn:extension:minPinLength: true, webauthn:extension:prf: true, webauthn:virtualAuthenticators: true}&#10;Session ID: 9ff3d095974c0c3a7e9c1da3b55128a8" type="org.openqa.selenium.TimeoutException"><![CDATA[org.openqa.selenium.TimeoutException: 
Expected condition failed: waiting for visibility of element located by By.xpath: //div[contains(text(),'miranga')] (tried for 10 second(s) with 500 milliseconds interval)
Build info: version: '4.21.0', revision: '79ed462ef4'
System info: os.name: 'Mac OS X', os.arch: 'aarch64', os.version: '15.5', java.version: '17.0.7'
Driver info: org.openqa.selenium.chrome.ChromeDriver
Capabilities {acceptInsecureCerts: false, browserName: chrome, browserVersion: 141.0.7390.108, chrome: {chromedriverVersion: 141.0.7390.78 (2b53b0e231fc..., userDataDir: /var/folders/r2/fljgwy_n1kz...}, fedcm:accounts: true, goog:chromeOptions: {debuggerAddress: localhost:64227}, networkConnectionEnabled: false, pageLoadStrategy: normal, platformName: mac, proxy: Proxy(), se:cdp: ws://localhost:64227/devtoo..., se:cdpVersion: 141.0.7390.108, setWindowRect: true, strictFileInteractability: false, timeouts: {implicit: 0, pageLoad: 300000, script: 30000}, unhandledPromptBehavior: dismiss and notify, webauthn:extension:credBlob: true, webauthn:extension:largeBlob: true, webauthn:extension:minPinLength: true, webauthn:extension:prf: true, webauthn:virtualAuthenticators: true}
Session ID: 9ff3d095974c0c3a7e9c1da3b55128a8
	at org.openqa.selenium.support.ui.WebDriverWait.timeoutException(WebDriverWait.java:84)
	at org.openqa.selenium.support.ui.FluentWait.until(FluentWait.java:228)
	at Pages.HomePage.getUserLabel(HomePage.java:30)
	at ErrorValidations.HomePageErrorValidations.HomePageRedirectErrorValidation(HomePageErrorValidations.java:24)
	at TransactionTest.GrantingFlowTest.GrantingFlow(GrantingFlowTest.java:61)
	at java.base/jdk.internal.reflect.NativeMethodAccessorImpl.invoke0(Native Method)
	at java.base/jdk.internal.reflect.NativeMethodAccessorImpl.invoke(NativeMethodAccessorImpl.java:77)
	at java.base/jdk.internal.reflect.DelegatingMethodAccessorImpl.invoke(DelegatingMethodAccessorImpl.java:43)
	at java.base/java.lang.reflect.Method.invoke(Method.java:568)
	at org.testng.internal.invokers.MethodInvocationHelper.invokeMethod(MethodInvocationHelper.java:139)
	at org.testng.internal.invokers.TestInvoker.invokeMethod(TestInvoker.java:677)
	at org.testng.internal.invokers.TestInvoker.invokeTestMethod(TestInvoker.java:221)
	at org.testng.internal.invokers.MethodRunner.runInSequence(MethodRunner.java:50)
	at org.testng.internal.invokers.TestInvoker$MethodInvocationAgent.invoke(TestInvoker.java:969)
	at org.testng.internal.invokers.TestInvoker.invokeTestMethods(TestInvoker.java:194)
	at org.testng.internal.invokers.TestMethodWorker.invokeTestMethods(TestMethodWorker.java:148)
	at org.testng.internal.invokers.TestMethodWorker.run(TestMethodWorker.java:128)
	at java.base/java.util.concurrent.ThreadPoolExecutor.runWorker(ThreadPoolExecutor.java:1136)
	at java.base/java.util.concurrent.ThreadPoolExecutor$Worker.run(ThreadPoolExecutor.java:635)
	at java.base/java.lang.Thread.run(Thread.java:833)
]]></failure>
    <system-out><![CDATA[[&amp#27;[32mINFO&amp#27;[m] Oct 20, 2025 11:42:34 AM Infra.BasePage - -------------------------------------------------------
[&amp#27;[32mINFO&amp#27;[m] Oct 20, 2025 11:42:34 AM Infra.BasePage - VERIFYING CREDENTIALS
[&amp#27;[32mINFO&amp#27;[m] Oct 20, 2025 11:42:34 AM Infra.BasePage - -------------------------------------------------------

[&amp#27;[32mINFO&amp#27;[m] Oct 20, 2025 11:42:36 AM Infra.BasePage - REDIRECT TO: https://10.0.0.226:5051/DFCC_MIGR/auth/login
[&amp#27;[32mINFO&amp#27;[m] Oct 20, 2025 11:42:36 AM Infra.BasePage - NAME: miranga
[&amp#27;[32mINFO&amp#27;[m] Oct 20, 2025 11:42:38 AM Infra.BasePage - ENTER USERNAME: miranga
[&amp#27;[32mINFO&amp#27;[m] Oct 20, 2025 11:42:40 AM Infra.BasePage - ENTER PASSWORD: 123@
[&amp#27;[32mINFO&amp#27;[m] Oct 20, 2025 11:42:42 AM Infra.BasePage - CLICK ON SIGN IN BUTTON 

[&amp#27;[32mINFO&amp#27;[m] Oct 20, 2025 11:42:42 AM Infra.BasePage - CLICK VISIT SITE 

]]></system-out>
    <system-err><![CDATA[log4j:WARN No appenders could be found for logger (org.testng.TestNG).
log4j:WARN Please initialize the log4j system properly.
log4j:WARN See http://logging.apache.org/log4j/1.2/faq.html#noconfig for more info.
Oct 20, 2025 11:42:34 AM org.openqa.selenium.devtools.CdpVersionFinder findNearestMatch
WARNING: Unable to find CDP implementation matching 141
Oct 20, 2025 11:42:34 AM org.openqa.selenium.chromium.ChromiumDriver lambda$new$5
WARNING: Unable to find version of CDP to use for 141.0.7390.108. You may need to include a dependency on a specific version of the CDP using something similar to `org.seleniumhq.selenium:selenium-devtools-v86:4.21.0` where the version ("v86") matches the version of the chromium-based browser you're using and the version number of the artifact is the same as Selenium's.
]]></system-err>
  </testcase>
  <testcase name="GrantingFlow[harsha, harshaf, 123@, NIC/EIC, 881441333V, , Gold Loan, Necklace, With Stones Pendant, 12.2, 12.2, 22, 22, Automation Article Remark 02, 135000.0, Density meter, LENDING TO OVERSEAS ENTITIES, LENDING BY OVERSEAS BRANCHES, 0.0, 0.0, Automation Granting Remark 02](2)" classname="TransactionTest.GrantingFlowTest" time="19.206">
    <failure message="Expected condition failed: waiting for visibility of element located by By.xpath: //div[contains(text(),&apos;harshaf&apos;)] (tried for 10 second(s) with 500 milliseconds interval)&#10;Build info: version: &apos;4.21.0&apos;, revision: &apos;79ed462ef4&apos;&#10;System info: os.name: &apos;Mac OS X&apos;, os.arch: &apos;aarch64&apos;, os.version: &apos;15.5&apos;, java.version: &apos;17.0.7&apos;&#10;Driver info: org.openqa.selenium.chrome.ChromeDriver&#10;Capabilities {acceptInsecureCerts: false, browserName: chrome, browserVersion: 141.0.7390.108, chrome: {chromedriverVersion: 141.0.7390.78 (2b53b0e231fc..., userDataDir: /var/folders/r2/fljgwy_n1kz...}, fedcm:accounts: true, goog:chromeOptions: {debuggerAddress: localhost:64259}, networkConnectionEnabled: false, pageLoadStrategy: normal, platformName: mac, proxy: Proxy(), se:cdp: ws://localhost:64259/devtoo..., se:cdpVersion: 141.0.7390.108, setWindowRect: true, strictFileInteractability: false, timeouts: {implicit: 0, pageLoad: 300000, script: 30000}, unhandledPromptBehavior: dismiss and notify, webauthn:extension:credBlob: true, webauthn:extension:largeBlob: true, webauthn:extension:minPinLength: true, webauthn:extension:prf: true, webauthn:virtualAuthenticators: true}&#10;Session ID: d0d9ee8e929e37d7214df23003253e6e" type="org.openqa.selenium.TimeoutException"><![CDATA[org.openqa.selenium.TimeoutException: 
Expected condition failed: waiting for visibility of element located by By.xpath: //div[contains(text(),'harshaf')] (tried for 10 second(s) with 500 milliseconds interval)
Build info: version: '4.21.0', revision: '79ed462ef4'
System info: os.name: 'Mac OS X', os.arch: 'aarch64', os.version: '15.5', java.version: '17.0.7'
Driver info: org.openqa.selenium.chrome.ChromeDriver
Capabilities {acceptInsecureCerts: false, browserName: chrome, browserVersion: 141.0.7390.108, chrome: {chromedriverVersion: 141.0.7390.78 (2b53b0e231fc..., userDataDir: /var/folders/r2/fljgwy_n1kz...}, fedcm:accounts: true, goog:chromeOptions: {debuggerAddress: localhost:64259}, networkConnectionEnabled: false, pageLoadStrategy: normal, platformName: mac, proxy: Proxy(), se:cdp: ws://localhost:64259/devtoo..., se:cdpVersion: 141.0.7390.108, setWindowRect: true, strictFileInteractability: false, timeouts: {implicit: 0, pageLoad: 300000, script: 30000}, unhandledPromptBehavior: dismiss and notify, webauthn:extension:credBlob: true, webauthn:extension:largeBlob: true, webauthn:extension:minPinLength: true, webauthn:extension:prf: true, webauthn:virtualAuthenticators: true}
Session ID: d0d9ee8e929e37d7214df23003253e6e
	at org.openqa.selenium.support.ui.WebDriverWait.timeoutException(WebDriverWait.java:84)
	at org.openqa.selenium.support.ui.FluentWait.until(FluentWait.java:228)
	at Pages.HomePage.getUserLabel(HomePage.java:30)
	at ErrorValidations.HomePageErrorValidations.HomePageRedirectErrorValidation(HomePageErrorValidations.java:24)
	at TransactionTest.GrantingFlowTest.GrantingFlow(GrantingFlowTest.java:61)
	at java.base/jdk.internal.reflect.NativeMethodAccessorImpl.invoke0(Native Method)
	at java.base/jdk.internal.reflect.NativeMethodAccessorImpl.invoke(NativeMethodAccessorImpl.java:77)
	at java.base/jdk.internal.reflect.DelegatingMethodAccessorImpl.invoke(DelegatingMethodAccessorImpl.java:43)
	at java.base/java.lang.reflect.Method.invoke(Method.java:568)
	at org.testng.internal.invokers.MethodInvocationHelper.invokeMethod(MethodInvocationHelper.java:139)
	at org.testng.internal.invokers.TestInvoker.invokeMethod(TestInvoker.java:677)
	at org.testng.internal.invokers.TestInvoker.invokeTestMethod(TestInvoker.java:221)
	at org.testng.internal.invokers.MethodRunner.runInSequence(MethodRunner.java:50)
	at org.testng.internal.invokers.TestInvoker$MethodInvocationAgent.invoke(TestInvoker.java:969)
	at org.testng.internal.invokers.TestInvoker.invokeTestMethods(TestInvoker.java:194)
	at org.testng.internal.invokers.TestMethodWorker.invokeTestMethods(TestMethodWorker.java:148)
	at org.testng.internal.invokers.TestMethodWorker.run(TestMethodWorker.java:128)
	at java.base/java.util.concurrent.ThreadPoolExecutor.runWorker(ThreadPoolExecutor.java:1136)
	at java.base/java.util.concurrent.ThreadPoolExecutor$Worker.run(ThreadPoolExecutor.java:635)
	at java.base/java.lang.Thread.run(Thread.java:833)
]]></failure>
    <system-out><![CDATA[[&amp#27;[32mINFO&amp#27;[m] Oct 20, 2025 11:42:56 AM Infra.BasePage - -------------------------------------------------------
[&amp#27;[32mINFO&amp#27;[m] Oct 20, 2025 11:42:56 AM Infra.BasePage - VERIFYING CREDENTIALS
[&amp#27;[32mINFO&amp#27;[m] Oct 20, 2025 11:42:56 AM Infra.BasePage - -------------------------------------------------------

[&amp#27;[32mINFO&amp#27;[m] Oct 20, 2025 11:42:57 AM Infra.BasePage - REDIRECT TO: https://10.0.0.226:5051/DFCC_MIGR/auth/login
[&amp#27;[32mINFO&amp#27;[m] Oct 20, 2025 11:42:57 AM Infra.BasePage - NAME: harsha
[&amp#27;[32mINFO&amp#27;[m] Oct 20, 2025 11:42:59 AM Infra.BasePage - ENTER USERNAME: harshaf
[&amp#27;[32mINFO&amp#27;[m] Oct 20, 2025 11:43:01 AM Infra.BasePage - ENTER PASSWORD: 123@
[&amp#27;[32mINFO&amp#27;[m] Oct 20, 2025 11:43:03 AM Infra.BasePage - CLICK ON SIGN IN BUTTON 

[&amp#27;[32mINFO&amp#27;[m] Oct 20, 2025 11:43:03 AM Infra.BasePage - CLICK VISIT SITE 

]]></system-out>
    <system-err><![CDATA[Oct 20, 2025 11:42:56 AM org.openqa.selenium.devtools.CdpVersionFinder findNearestMatch
WARNING: Unable to find CDP implementation matching 141
Oct 20, 2025 11:42:56 AM org.openqa.selenium.chromium.ChromiumDriver lambda$new$5
WARNING: Unable to find version of CDP to use for 141.0.7390.108. You may need to include a dependency on a specific version of the CDP using something similar to `org.seleniumhq.selenium:selenium-devtools-v86:4.21.0` where the version ("v86") matches the version of the chromium-based browser you're using and the version number of the artifact is the same as Selenium's.
]]></system-err>
  </testcase>
</testsuite>